            --------------------------------------------------------
                             AMBER SQM VERSION 19
 
                                     By
              Ross C. Walker, Michael F. Crowley, Scott Brozell,
                         Tim Giese, Andreas W. Goetz,
                        Tai-Sung Lee and David A. Case
 
            --------------------------------------------------------
 

--------------------------------------------------------------------------------
  QM CALCULATION INFO
--------------------------------------------------------------------------------

| QMMM: Citation for AMBER QMMM Run:
| QMMM: R.C. Walker, M.F. Crowley and D.A. Case, J. COMP. CHEM. 29:1019, 2008

QMMM: SINGLET STATE CALCULATION
QMMM: RHF CALCULATION, NO. OF DOUBLY OCCUPIED LEVELS = 89

| QMMM: *** Selected Hamiltonian *** 
| QMMM: AM1         

| QMMM: *** Parameter sets in use ***
| QMMM: C : M.J.S.DEWAR et al. JACS, 107, 3902, (1985)
| QMMM: O : M.J.S.DEWAR et al. JACS, 107, 3902, (1985)
| QMMM: N : M.J.S.DEWAR et al. JACS, 107, 3902, (1985)
| QMMM: P : M.J.S.DEWAR et al. THEOCHEM, 187,1, (1989)
| QMMM: H : M.J.S.DEWAR et al. JACS, 107, 3902, (1985)

| QMMM: *** SCF convergence criteria ***
| QMMM: Energy change                :  0.1D-09 kcal/mol
| QMMM: Error matrix |FP-PF|         :  0.1D+00 au
| QMMM: Density matrix change        :  0.5D-06
| QMMM: Maximum number of SCF cycles :     1000

| QMMM: *** Diagonalization Routine Information ***
| QMMM: Pseudo diagonalizations are allowed.
| QMMM: Auto diagonalization routine selection is in use.
| QMMM:
| QMMM: Timing diagonalization routines:
| QMMM:                              norbs =      160
| QMMM:    diag iterations used for timing =        5
| QMMM:
| QMMM:              Internal diag routine = 0.045456 seconds
| QMMM:                 Dspev diag routine = 0.079152 seconds
| QMMM:                Dspevd diag routine = 0.114516 seconds
| QMMM:                Dspevx diag routine = 0.139948 seconds
| QMMM:                 Dsyev diag routine = 0.146864 seconds
| QMMM:                Dsyevd diag routine = 0.060274 seconds
| QMMM:                Dsyevr diag routine = 0.072089 seconds
| QMMM:
| QMMM:                Pseudo diag routine = 0.010327 seconds
| QMMM:
| QMMM: Using internal diagonalization routine (diag_routine=1).

  QMMM: QM Region Cartesian Coordinates (*=link atom) 
  QMMM: QM_NO.   MM_NO.  ATOM         X         Y         Z
  QMMM:     1        1      C       49.7310   17.9210   -8.9170
  QMMM:     2        2      O       49.6240   16.7190   -9.0150
  QMMM:     3        3      O       49.4360   18.7460   -9.8800
  QMMM:     4        4      C       48.8800   18.2920  -11.1850
  QMMM:     5        5      C       47.5420   19.0400  -11.5680
  QMMM:     6        6      C       46.4780   18.9750  -10.7030
  QMMM:     7        7      C       47.3800   19.7700  -12.7250
  QMMM:     8        8      C       45.2480   19.5850  -10.9620
  QMMM:     9        9      C       46.1540   20.4140  -12.9580
  QMMM:    10       10      C       45.1110   20.3000  -12.0940
  QMMM:    11       11      N       50.1310   18.6280   -7.8860
  QMMM:    12       12      C       50.4440   17.9780   -6.7000
  QMMM:    13       13      P       51.7310   18.9700   -6.1030
  QMMM:    14       14      O       53.0740   18.6410   -6.5730
  QMMM:    15       15      O       51.5010   20.4720   -6.1370
  QMMM:    16       16      N       51.7120   18.5170   -4.5090
  QMMM:    17       17      C       52.8360   18.2290   -3.6390
  QMMM:    18       18      C       53.5300   16.8860   -3.9040
  QMMM:    19       19      O       54.7570   16.7750   -3.8340
  QMMM:    20       20      C       52.4730   18.3230   -2.1310
  QMMM:    21       21      C       53.7000   18.1610   -1.2410
  QMMM:    22       22      C       54.6320   19.3710   -1.4350
  QMMM:    23       23      C       53.2110   18.0830    0.2190
  QMMM:    24       24      N       52.7370   15.8850   -4.1940
  QMMM:    25       25      C       53.2020   14.5210   -4.4530
  QMMM:    26       26      C       52.3890   13.8360   -5.5240
  QMMM:    27       27      O       51.3250   14.3630   -5.9430
  QMMM:    28       28      C       53.4490   13.6930   -3.1390
  QMMM:    29       29      C       52.2500   13.4870   -2.2600
  QMMM:    30       30      C       52.3400   12.1690   -1.5350
  QMMM:    31       31      C       52.2510   14.5410   -1.1710
  QMMM:    32       32      O       52.7910   12.7660   -6.0710
  QMMM:    33       33      H       48.6750   17.2130  -11.1250
  QMMM:    34       34      H       49.6260   18.4800  -11.9710
  QMMM:    35       35      H       46.5980   18.4250   -9.7770
  QMMM:    36       36      H       48.1870   19.8460  -13.4450
  QMMM:    37       37      H       44.4220   19.4850  -10.2670
  QMMM:    38       38      H       46.0360   21.0180  -13.8510
  QMMM:    39       39      H       44.1680   20.7850  -12.3170
  QMMM:    40       40      H       50.2090   19.6230   -7.9540
  QMMM:    41       41      H       50.7810   16.9470   -6.8820
  QMMM:    42       42      H       49.5890   17.9680   -6.0080
  QMMM:    43       43      H       50.8070   18.4310   -4.0930
  QMMM:    44       44      H       53.5810   19.0130   -3.8400
  QMMM:    45       45      H       51.7510   17.5300   -1.8890
  QMMM:    46       46      H       52.0190   19.3050   -1.9350
  QMMM:    47       47      H       54.2380   17.2380   -1.5040
  QMMM:    48       48      H       55.5190   19.2570   -0.7940
  QMMM:    49       49      H       54.0980   20.2930   -1.1620
  QMMM:    50       50      H       54.9460   19.4270   -2.4880
  QMMM:    51       51      H       52.5480   17.2140    0.3380
  QMMM:    52       52      H       52.6600   19.0010    0.4710
  QMMM:    53       53      H       54.0760   17.9780    0.8900
  QMMM:    54       54      H       51.7540   16.0630   -4.2410
  QMMM:    55       55      H       54.2020   14.6370   -4.8960
  QMMM:    56       56      H       54.2140   14.2180   -2.5480
  QMMM:    57       57      H       53.8270   12.7020   -3.4310
  QMMM:    58       58      H       51.3300   13.5390   -2.8610
  QMMM:    59       59      H       51.4530   12.0400   -0.8980
  QMMM:    60       60      H       53.2450   12.1550   -0.9100
  QMMM:    61       61      H       52.3880   11.3500   -2.2680
  QMMM:    62       62      H       52.1870   15.5400   -1.6270
  QMMM:    63       63      H       53.1800   14.4640   -0.5870
  QMMM:    64       64      H       51.3870   14.3840   -0.5080

--------------------------------------------------------------------------------
  RESULTS
--------------------------------------------------------------------------------

      iter         sqm energy              rms gradient
      ----    -------------------    -----------------------
xmin    10     -271.9329 kcal/mol        1.6394 kcal/(mol*A)
xmin    20     -300.8771 kcal/mol        2.3313 kcal/(mol*A)
xmin    30     -335.1920 kcal/mol        1.6060 kcal/(mol*A)
xmin    40     -339.5708 kcal/mol        1.3721 kcal/(mol*A)
xmin    50     -341.1719 kcal/mol        0.3359 kcal/(mol*A)
xmin    60     -342.2430 kcal/mol        0.5148 kcal/(mol*A)
xmin    70     -343.5691 kcal/mol        0.6797 kcal/(mol*A)
xmin    80     -344.3134 kcal/mol        0.2251 kcal/(mol*A)
xmin    90     -344.7235 kcal/mol        0.2089 kcal/(mol*A)
xmin   100     -344.8342 kcal/mol        0.2042 kcal/(mol*A)
xmin   110     -345.0323 kcal/mol        0.1296 kcal/(mol*A)
xmin   120     -345.1623 kcal/mol        0.0444 kcal/(mol*A)
xmin   130     -345.2005 kcal/mol        0.1722 kcal/(mol*A)
xmin   140     -345.2316 kcal/mol        0.0976 kcal/(mol*A)
xmin   150     -345.2628 kcal/mol        0.1398 kcal/(mol*A)
xmin   160     -345.2902 kcal/mol        0.0456 kcal/(mol*A)
xmin   170     -345.2981 kcal/mol        0.0472 kcal/(mol*A)
xmin   180     -345.3088 kcal/mol        0.0528 kcal/(mol*A)
xmin   190     -345.3488 kcal/mol        0.4049 kcal/(mol*A)
xmin   200     -345.4063 kcal/mol        0.2744 kcal/(mol*A)
xmin   210     -345.4399 kcal/mol        0.0967 kcal/(mol*A)
xmin   220     -345.5224 kcal/mol        0.0787 kcal/(mol*A)
xmin   230     -345.5675 kcal/mol        0.0945 kcal/(mol*A)
xmin   240     -345.5858 kcal/mol        0.0938 kcal/(mol*A)
xmin   250     -345.6081 kcal/mol        0.0623 kcal/(mol*A)
xmin   260     -345.6319 kcal/mol        0.0451 kcal/(mol*A)
xmin   270     -345.6694 kcal/mol        0.0630 kcal/(mol*A)
xmin   280     -345.7404 kcal/mol        0.1885 kcal/(mol*A)
xmin   290     -345.8779 kcal/mol        0.0993 kcal/(mol*A)
xmin   300     -345.9266 kcal/mol        0.1166 kcal/(mol*A)
xmin   310     -345.9550 kcal/mol        0.0708 kcal/(mol*A)
xmin   320     -345.9624 kcal/mol        0.0205 kcal/(mol*A)
xmin   330     -345.9673 kcal/mol        0.0233 kcal/(mol*A)
xmin   340     -345.9717 kcal/mol        0.0254 kcal/(mol*A)
xmin   350     -345.9746 kcal/mol        0.0113 kcal/(mol*A)
xmin   360     -345.9762 kcal/mol        0.0169 kcal/(mol*A)
xmin   370     -345.9790 kcal/mol        0.0116 kcal/(mol*A)
xmin   380     -345.9799 kcal/mol        0.0094 kcal/(mol*A)
xmin   390     -345.9803 kcal/mol        0.0090 kcal/(mol*A)
xmin   400     -345.9806 kcal/mol        0.0180 kcal/(mol*A)
xmin   410     -345.9810 kcal/mol        0.0148 kcal/(mol*A)
xmin   420     -345.9812 kcal/mol        0.0038 kcal/(mol*A)
xmin   430     -345.9812 kcal/mol        0.0041 kcal/(mol*A)
xmin   440     -345.9813 kcal/mol        0.0053 kcal/(mol*A)
xmin   450     -345.9813 kcal/mol        0.0036 kcal/(mol*A)
xmin   460     -345.9814 kcal/mol        0.0011 kcal/(mol*A)
xmin   470     -345.9814 kcal/mol        0.0013 kcal/(mol*A)
  ... geometry converged !
 
 Final MO eigenvalues (eV):
 -41.3798  -41.1996  -40.7244  -39.6527  -39.4553  -38.0986  -37.9953  -37.7268
 -37.5398  -36.4245  -35.4570  -34.7332  -34.4616  -32.9763  -31.7523  -29.9940
 -28.8115  -28.6180  -28.0145  -27.7194  -27.0227  -25.8437  -23.6466  -23.2552
 -22.6067  -22.5050  -22.3360  -22.0395  -21.4141  -20.4268  -20.0456  -19.9737
 -18.6964  -18.4863  -18.0786  -17.8671  -17.8232  -17.7398  -17.5992  -17.2658
 -17.0881  -16.8036  -16.7180  -16.5873  -16.4014  -16.1459  -15.9632  -15.7702
 -15.5039  -15.3454  -15.2481  -15.1172  -14.9101  -14.7659  -14.5192  -14.3145
 -14.2602  -14.1549  -13.8642  -13.6905  -13.6401  -13.4688  -13.2576  -13.1582
 -13.1120  -12.9589  -12.8088  -12.8003  -12.7900  -12.7853  -12.7685  -12.3981
 -12.1812  -12.1058  -12.0651  -12.0391  -11.9373  -11.8813  -11.7954  -11.6783
 -11.6144  -11.3743  -11.2311  -11.1264  -11.0443  -10.8332  -10.2426   -9.9897
  -9.9493   -0.0551    0.2387    0.6773    0.7421    0.7837    1.0472    1.3327
   1.4250    1.5671    1.5783    2.4566    2.5383    2.6257    2.7359    3.0137
   3.1598    3.2664    3.3363    3.4754    3.5370    3.6617    3.6918    3.6978
   3.7539    3.7922    3.8301    3.8611    3.9279    3.9322    3.9386    3.9630
   4.1312    4.2225    4.2360    4.2615    4.3047    4.3090    4.3473    4.3813
   4.4336    4.5745    4.5833    4.6140    4.6578    4.6700    4.6939    4.7377
   4.7474    4.7490    4.8301    4.9176    4.9397    4.9938    5.0166    5.0696
   5.1453    5.2216    5.2222    5.2374    5.2743    5.3225    5.3847    5.3947
   5.6625    5.7632    5.7689    6.0701    6.5678    6.8052    7.0571    7.1553


 Heat of formation   =       -345.98135616 kcal/mol  (      -15.00287742 eV)

 Total SCF energy    =    -141252.03795025 kcal/mol  (    -6125.14799663 eV)
 Electronic energy   =   -1188841.79947487 kcal/mol  (   -51552.04889098 eV)
 Core-core repulsion =    1047589.76152462 kcal/mol  (    45426.90089435 eV)
 
    Atomic Charges for Step       1 :
  Atom    Element       Mulliken Charge
     1      C                  0.365
     2      O                 -0.391
     3      O                 -0.269
     4      C                  0.036
     5      C                 -0.125
     6      C                 -0.108
     7      C                 -0.103
     8      C                 -0.138
     9      C                 -0.136
    10      C                 -0.115
    11      N                 -0.284
    12      C                 -0.776
    13      P                  2.771
    14      O                 -0.696
    15      O                 -1.080
    16      N                 -0.933
    17      C                 -0.011
    18      C                  0.316
    19      O                 -0.279
    20      C                 -0.167
    21      C                 -0.117
    22      C                 -0.209
    23      C                 -0.206
    24      N                 -0.294
    25      C                 -0.039
    26      C                  0.452
    27      O                 -0.250
    28      C                 -0.191
    29      C                 -0.109
    30      C                 -0.208
    31      C                 -0.211
    32      O                 -0.207
    33      H                  0.117
    34      H                  0.116
    35      H                  0.151
    36      H                  0.135
    37      H                  0.134
    38      H                  0.135
    39      H                  0.134
    40      H                  0.226
    41      H                  0.167
    42      H                  0.172
    43      H                  0.266
    44      H                  0.131
    45      H                  0.115
    46      H                  0.096
    47      H                  0.113
    48      H                  0.080
    49      H                  0.072
    50      H                  0.069
    51      H                  0.080
    52      H                  0.072
    53      H                  0.077
    54      H                  0.136
    55      H                  0.165
    56      H                  0.119
    57      H                  0.103
    58      H                  0.083
    59      H                  0.074
    60      H                  0.076
    61      H                  0.073
    62      H                  0.074
    63      H                  0.078
    64      H                  0.073
 Total Mulliken Charge =      -0.000
 
                  X        Y        Z     TOTAL  
  QM DIPOLE    -4.949    2.727   -0.190    5.654
 
 Final Structure

  QMMM: QM Region Cartesian Coordinates (*=link atom) 
  QMMM: QM_NO.   MM_NO.  ATOM         X         Y         Z
  QMMM:     1        1      C       50.1187   17.5359   -8.3639
  QMMM:     2        2      O       49.6405   17.4796   -7.2196
  QMMM:     3        3      O       49.2941   17.7616   -9.4401
  QMMM:     4        4      C       47.9317   18.1255   -9.1533
  QMMM:     5        5      C       47.7893   19.5957   -8.9428
  QMMM:     6        6      C       47.9490   20.1397   -7.6632
  QMMM:     7        7      C       47.4689   20.4333  -10.0161
  QMMM:     8        8      C       47.7810   21.5082   -7.4598
  QMMM:     9        9      C       47.3019   21.8021   -9.8092
  QMMM:    10       10      C       47.4560   22.3401   -8.5316
  QMMM:    11       11      N       51.4766   17.4631   -8.7203
  QMMM:    12       12      C       52.3341   16.6966   -7.8488
  QMMM:    13       13      P       53.4351   17.7049   -7.0751
  QMMM:    14       14      O       53.6624   16.8869   -5.6289
  QMMM:    15       15      O       54.6889   17.8638   -7.7954
  QMMM:    16       16      N       52.7194   18.9791   -6.4612
  QMMM:    17       17      C       52.5024   18.9094   -5.0328
  QMMM:    18       18      C       53.1522   17.5885   -4.5796
  QMMM:    19       19      O       53.2771   17.1149   -3.4590
  QMMM:    20       20      C       51.0267   18.9687   -4.6124
  QMMM:    21       21      C       50.8655   19.1662   -3.1123
  QMMM:    22       22      C       51.1035   20.6080   -2.7137
  QMMM:    23       23      C       49.4764   18.7327   -2.6872
  QMMM:    24       24      N       53.0189   12.9225   -4.8396
  QMMM:    25       25      C       53.5571   13.8413   -4.1363
  QMMM:    26       26      C       52.1438   12.5805   -7.4298
  QMMM:    27       27      O       52.1852   13.7392   -7.7075
  QMMM:    28       28      C       54.0279   13.8445   -2.7158
  QMMM:    29       29      C       53.5957   12.6576   -1.8712
  QMMM:    30       30      C       54.4066   12.6188   -0.5903
  QMMM:    31       31      C       52.1176   12.7190   -1.5468
  QMMM:    32       32      O       52.0787   11.4152   -7.2066
  QMMM:    33       33      H       47.5617   17.5526   -8.2616
  QMMM:    34       34      H       47.3978   17.7907  -10.0856
  QMMM:    35       35      H       48.2159   19.4766   -6.8233
  QMMM:    36       36      H       47.3500   20.0109  -11.0253
  QMMM:    37       37      H       47.9029   21.9315   -6.4520
  QMMM:    38       38      H       47.0486   22.4572  -10.6557
  QMMM:    39       39      H       47.3216   23.4198   -8.3695
  QMMM:    40       40      H       51.6000   17.2694   -9.6996
  QMMM:    41       41      H       52.8874   15.9085   -8.4428
  QMMM:    42       42      H       51.7281   16.0874   -7.1111
  QMMM:    43       43      H       52.3447   19.7663   -6.9178
  QMMM:    44       44      H       53.0475   19.7552   -4.5069
  QMMM:    45       45      H       50.5046   18.0274   -4.9342
  QMMM:    46       46      H       50.5288   19.8169   -5.1537
  QMMM:    47       47      H       51.6186   18.5160   -2.5794
  QMMM:    48       48      H       50.9876   20.7232   -1.6087
  QMMM:    49       49      H       50.3696   21.2828   -3.2169
  QMMM:    50       50      H       52.1337   20.9344   -2.9934
  QMMM:    51       51      H       49.3188   17.6504   -2.9120
  QMMM:    52       52      H       48.6981   19.3240   -3.2268
  QMMM:    53       53      H       49.3445   18.8902   -1.5897
  QMMM:    54       54      H       52.8625   12.0433   -4.3909
  QMMM:    55       55      H       53.7237   14.8241   -4.6415
  QMMM:    56       56      H       53.6661   14.7977   -2.2392
  QMMM:    57       57      H       55.1517   13.8933   -2.7376
  QMMM:    58       58      H       53.8016   11.7051   -2.4379
  QMMM:    59       59      H       54.0842   11.7590    0.0447
  QMMM:    60       60      H       54.2647   13.5615   -0.0091
  QMMM:    61       61      H       55.4933   12.5039   -0.8190
  QMMM:    62       62      H       51.5071   12.7431   -2.4808
  QMMM:    63       63      H       51.8862   13.6354   -0.9517
  QMMM:    64       64      H       51.8166   11.8249   -0.9492

           --------- Calculation Completed ----------

