            --------------------------------------------------------
                             AMBER SQM VERSION 19
 
                                     By
              Ross C. Walker, Michael F. Crowley, Scott Brozell,
                         Tim Giese, Andreas W. Goetz,
                        Tai-Sung Lee and David A. Case
 
            --------------------------------------------------------
 

--------------------------------------------------------------------------------
  QM CALCULATION INFO
--------------------------------------------------------------------------------

| QMMM: Citation for AMBER QMMM Run:
| QMMM: R.C. Walker, M.F. Crowley and D.A. Case, J. COMP. CHEM. 29:1019, 2008

QMMM: SINGLET STATE CALCULATION
QMMM: RHF CALCULATION, NO. OF DOUBLY OCCUPIED LEVELS = 35

| QMMM: *** Selected Hamiltonian *** 
| QMMM: AM1         

| QMMM: *** Parameter sets in use ***
| QMMM: O : M.J.S.DEWAR et al. JACS, 107, 3902, (1985)
| QMMM: C : M.J.S.DEWAR et al. JACS, 107, 3902, (1985)
| QMMM: N : M.J.S.DEWAR et al. JACS, 107, 3902, (1985)
| QMMM: H : M.J.S.DEWAR et al. JACS, 107, 3902, (1985)

| QMMM: *** SCF convergence criteria ***
| QMMM: Energy change                :  0.1D-09 kcal/mol
| QMMM: Error matrix |FP-PF|         :  0.1D+00 au
| QMMM: Density matrix change        :  0.5D-06
| QMMM: Maximum number of SCF cycles :     1000

| QMMM: *** Diagonalization Routine Information ***
| QMMM: Pseudo diagonalizations are allowed.
| QMMM: Auto diagonalization routine selection is in use.
| QMMM:
| QMMM: Timing diagonalization routines:
| QMMM:                              norbs =       62
| QMMM:    diag iterations used for timing =       15
| QMMM:
| QMMM:              Internal diag routine = 0.005410 seconds
| QMMM:                 Dspev diag routine = 0.016285 seconds
| QMMM:                Dspevd diag routine = 0.013169 seconds
| QMMM:                Dspevx diag routine = 0.020511 seconds
| QMMM:                 Dsyev diag routine = 0.006734 seconds
| QMMM:                Dsyevd diag routine = 0.004451 seconds
| QMMM:                Dsyevr diag routine = 0.006332 seconds
| QMMM:
| QMMM:                Pseudo diag routine = 0.001610 seconds
| QMMM:
| QMMM: Using dsyevd routine (diag_routine=6).

  QMMM: QM Region Cartesian Coordinates (*=link atom) 
  QMMM: QM_NO.   MM_NO.  ATOM         X         Y         Z
  QMMM:     1        1      O        0.5890   12.8770   10.4180
  QMMM:     2        2      C        0.0470   11.6450    9.9450
  QMMM:     3        3      N       -1.0440   11.1990   10.7870
  QMMM:     4        4      C        1.0120   10.4680   10.0590
  QMMM:     5        5      C        0.1160    9.2460   10.2830
  QMMM:     6        6      C       -1.3000    9.8280   10.4470
  QMMM:     7        7      C       -0.4540   11.7630    8.4880
  QMMM:     8        8      O        0.6860   12.0520    7.6640
  QMMM:     9        9      C       -1.1870   10.4680    8.0340
  QMMM:    10       10      O       -1.9360   10.6990    6.8430
  QMMM:    11       11      C       -2.0920    9.8960    9.1280
  QMMM:    12       12      O       -2.5690    8.5760    8.7990
  QMMM:    13       13      H        1.3010   13.1470    9.8500
  QMMM:    14       14      H       -1.8650   11.7580   10.6150
  QMMM:    15       15      H       -0.7850   11.2730   11.7580
  QMMM:    16       16      H        1.6950   10.6080   10.9100
  QMMM:    17       17      H        1.5960   10.3550    9.1340
  QMMM:    18       18      H        0.4200    8.7030   11.1900
  QMMM:    19       19      H        0.1600    8.5690    9.4180
  QMMM:    20       20      H       -1.8670    9.2890   11.2200
  QMMM:    21       21      H       -1.1640   12.6000    8.4200
  QMMM:    22       22      H        1.0810   12.8680    7.9470
  QMMM:    23       23      H       -0.4180    9.7140    7.8100
  QMMM:    24       24      H       -2.3740    9.8960    6.5850
  QMMM:    25       25      H       -2.9570   10.5630    9.2560
  QMMM:    26       26      H       -3.1250    8.2580    9.5000

--------------------------------------------------------------------------------
  RESULTS
--------------------------------------------------------------------------------

      iter         sqm energy              rms gradient
      ----    -------------------    -----------------------
xmin    10      -35.9572 kcal/mol        1.4210 kcal/(mol*A)
xmin    20      -37.2427 kcal/mol        1.0539 kcal/(mol*A)
xmin    30      -38.1817 kcal/mol        0.3048 kcal/(mol*A)
xmin    40      -38.4287 kcal/mol        0.5992 kcal/(mol*A)
xmin    50      -38.4906 kcal/mol        0.0058 kcal/(mol*A)
  ... geometry converged !
 
 Final MO eigenvalues (eV):
 -47.2416  -43.3632  -42.8591  -41.3812  -40.7969  -37.5548  -35.0032  -34.5057
 -29.5331  -28.9919  -26.3946  -25.9586  -24.2956  -23.9595  -23.2066  -22.1479
 -21.7044  -21.5000  -21.2508  -20.4002  -20.0441  -19.5981  -19.3455  -18.9014
 -18.4226  -18.2194  -17.7198  -17.5202  -17.1127  -16.7959  -16.2152  -16.0509
 -15.6014  -15.3669  -15.0516   -3.9917   -2.4809   -2.0909   -1.8771   -1.7545
  -1.5338   -1.3885   -1.2240   -0.9810   -0.9143   -0.7773   -0.7133   -0.6284
  -0.3462   -0.2293   -0.1775   -0.1618   -0.0435    0.1939    0.2803    0.5754
   0.6687    0.7552    1.6134    1.9831    2.0916    2.3477

 Heat of formation   =        -38.49059897 kcal/mol  (       -1.66907762 eV)

 Total SCF energy    =     -59323.70690387 kcal/mol  (    -2572.46896942 eV)
 Electronic energy   =    -325087.65389604 kcal/mol  (   -14096.85850119 eV)
 Core-core repulsion =     265763.94699218 kcal/mol  (    11524.38953177 eV)
 
    Atomic Charges for Step       1 :
  Atom    Element       Mulliken Charge
     1      O                 -0.283
     2      C                  0.143
     3      N                 -0.086
     4      C                 -0.179
     5      C                 -0.180
     6      C                 -0.100
     7      C                 -0.003
     8      O                 -0.311
     9      C                 -0.006
    10      O                 -0.317
    11      C                 -0.014
    12      O                 -0.296
    13      H                  0.273
    14      H                  0.245
    15      H                  0.262
    16      H                  0.148
    17      H                  0.158
    18      H                  0.129
    19      H                  0.157
    20      H                  0.157
    21      H                  0.118
    22      H                  0.259
    23      H                  0.135
    24      H                  0.245
    25      H                  0.114
    26      H                  0.234
 Total Mulliken Charge =       1.000
 
                  X        Y        Z     TOTAL  
  QM DIPOLE    -6.074   51.904   48.990   71.630
 
 Final Structure

  QMMM: QM Region Cartesian Coordinates (*=link atom) 
  QMMM: QM_NO.   MM_NO.  ATOM         X         Y         Z
  QMMM:     1        1      O        0.8637   12.6799   10.5494
  QMMM:     2        2      C        0.1836   11.5929   10.0072
  QMMM:     3        3      N       -1.0403   11.2932   10.9244
  QMMM:     4        4      C        1.0265   10.2947   10.1018
  QMMM:     5        5      C        0.0344    9.1829   10.4351
  QMMM:     6        6      C       -1.3453    9.8737   10.5156
  QMMM:     7        7      C       -0.3946   11.8327    8.5830
  QMMM:     8        8      O        0.7237   12.1603    7.7877
  QMMM:     9        9      C       -1.1023   10.5659    8.0603
  QMMM:    10       10      O       -1.8842   11.0103    6.9703
  QMMM:    11       11      C       -2.0198    9.9010    9.1157
  QMMM:    12       12      O       -2.2054    8.5762    8.6692
  QMMM:    13       13      H        0.9233   13.3848    9.8803
  QMMM:    14       14      H       -1.8173   11.9266   10.7500
  QMMM:    15       15      H       -0.7563   11.3520   11.9040
  QMMM:    16       16      H        1.8120   10.4080   10.8916
  QMMM:    17       17      H        1.5405   10.1323    9.1202
  QMMM:    18       18      H        0.2875    8.6920   11.4079
  QMMM:    19       19      H        0.0077    8.3891    9.6442
  QMMM:    20       20      H       -2.0201    9.3896   11.2716
  QMMM:    21       21      H       -1.1175   12.7000    8.5887
  QMMM:    22       22      H        0.4052   12.2589    6.8757
  QMMM:    23       23      H       -0.3335    9.8146    7.7184
  QMMM:    24       24      H       -2.1886   10.2235    6.4945
  QMMM:    25       25      H       -3.0018   10.4496    9.1681
  QMMM:    26       26      H       -3.0151    8.2334    9.0729

           --------- Calculation Completed ----------

